2023-10-02 10:52:16,385 [INFO] Activator:177 - 


2023-10-02 10:52:16,385 [INFO] Activator:178 - !SESSION log4j initialized
2023-10-02 10:53:55,048 [INFO] McuFinderGlobals:39 - Set McuFinder mode to 2 (CubeIDE integrated)
2023-10-02 10:53:55,455 [INFO] ApplicationProperties:181 - Using Application install path: C:\ST\STM32CubeIDE_1.7.0\STM32CubeIDE\plugins\com.st.stm32cube.common.mx_6.3.0.202107141111
2023-10-02 10:53:55,470 [INFO] DbMcusXml:74 - Set database path to: C:\ST\STM32CubeIDE_1.7.0\STM32CubeIDE\plugins\com.st.stm32cube.common.mx_6.3.0.202107141111\\db\/mcu/
2023-10-02 10:53:55,486 [INFO] DbBoardsPdsc:56 - Set plugin database path to: C:\ST\STM32CubeIDE_1.7.0\STM32CubeIDE\plugins\com.st.stm32cube.common.mx_6.3.0.202107141111\\db\/plugins/boardmanager/
2023-10-02 10:53:55,486 [INFO] DbMcus:258 - Set plugin images path to: C:\ST\STM32CubeIDE_1.7.0\STM32CubeIDE\plugins\com.st.stm32cube.common.mx_6.3.0.202107141111\\db\/plugins/mcufinder/images/
2023-10-02 10:53:55,486 [INFO] DbBoards:264 - Set plugin images path to: C:\ST\STM32CubeIDE_1.7.0\STM32CubeIDE\plugins\com.st.stm32cube.common.mx_6.3.0.202107141111\\db\/plugins/mcufinder/images/
2023-10-02 10:53:55,486 [INFO] DbExamples:333 - Set plugin images path to: C:\ST\STM32CubeIDE_1.7.0\STM32CubeIDE\plugins\com.st.stm32cube.common.mx_6.3.0.202107141111\\db\/plugins/mcufinder/images/
2023-10-02 10:53:55,501 [INFO] DbMcusAds:119 - Set database path to: C:\Users\M S I\.stmcufinder\plugins\mcufinder//mcu/
2023-10-02 10:53:55,501 [INFO] DbMcusDocs:110 - Set database path to: C:\Users\M S I\.stmcufinder\plugins\mcufinder//mcu/
2023-10-02 10:53:55,501 [INFO] DbMcusJson:64 - Set database path to: C:\Users\M S I\.stmcufinder\plugins\mcufinder//mcu/
2023-10-02 10:53:55,501 [INFO] DbBoardsDocs:110 - Set database path to: C:\Users\M S I\.stmcufinder\plugins\mcufinder//mcu/
2023-10-02 10:53:55,501 [INFO] DbBoardsJson:57 - Set database path to: C:\Users\M S I\.stmcufinder\plugins\mcufinder//mcu/
2023-10-02 10:53:55,517 [INFO] CrossReferenceDbSqlite:196 - Set database path to: C:\Users\M S I\.stmcufinder\plugins\mcufinder//mcu/cs/
2023-10-02 10:53:55,517 [INFO] DbExamplesSqlite:767 - Set database path to: C:\Users\M S I\.stmcufinder\plugins\mcufinder//mcu/
2023-10-02 10:53:55,579 [INFO] RulesReader:57 - Compatibility file has been processed (242 Rules)
2023-10-02 10:53:55,658 [INFO] DbMcusXml:74 - Set database path to: C:\ST\STM32CubeIDE_1.7.0\STM32CubeIDE\plugins\com.st.stm32cube.common.mx_6.3.0.202107141111\\db\/mcu/
2023-10-02 10:53:55,658 [INFO] DbBoardsPdsc:56 - Set plugin database path to: C:\ST\STM32CubeIDE_1.7.0\STM32CubeIDE\plugins\com.st.stm32cube.common.mx_6.3.0.202107141111\\db\/plugins/boardmanager/
2023-10-02 10:53:55,658 [INFO] DbMcus:258 - Set plugin images path to: C:\ST\STM32CubeIDE_1.7.0\STM32CubeIDE\plugins\com.st.stm32cube.common.mx_6.3.0.202107141111\\db\/plugins/mcufinder/images/
2023-10-02 10:53:55,658 [INFO] DbBoards:264 - Set plugin images path to: C:\ST\STM32CubeIDE_1.7.0\STM32CubeIDE\plugins\com.st.stm32cube.common.mx_6.3.0.202107141111\\db\/plugins/mcufinder/images/
2023-10-02 10:53:55,658 [INFO] DbExamples:333 - Set plugin images path to: C:\ST\STM32CubeIDE_1.7.0\STM32CubeIDE\plugins\com.st.stm32cube.common.mx_6.3.0.202107141111\\db\/plugins/mcufinder/images/
2023-10-02 10:53:55,658 [WARN] DbFile:35 - Overriding database path with different value: C:\Users\M S I\.stmcufinder\plugins\mcufinder/ => C:\Users\M S I\.stmcufinder\plugins\mcufinder
2023-10-02 10:53:55,658 [INFO] DbMcusAds:119 - Set database path to: C:\Users\M S I\.stmcufinder\plugins\mcufinder//mcu/
2023-10-02 10:53:55,658 [WARN] DbFile:35 - Overriding database path with different value: C:\Users\M S I\.stmcufinder\plugins\mcufinder/ => C:\Users\M S I\.stmcufinder\plugins\mcufinder
2023-10-02 10:53:55,658 [INFO] DbMcusDocs:110 - Set database path to: C:\Users\M S I\.stmcufinder\plugins\mcufinder//mcu/
2023-10-02 10:53:55,658 [WARN] DbFile:35 - Overriding database path with different value: C:\Users\M S I\.stmcufinder\plugins\mcufinder/ => C:\Users\M S I\.stmcufinder\plugins\mcufinder
2023-10-02 10:53:55,658 [INFO] DbMcusJson:64 - Set database path to: C:\Users\M S I\.stmcufinder\plugins\mcufinder//mcu/
2023-10-02 10:53:55,658 [WARN] DbFile:35 - Overriding database path with different value: C:\Users\M S I\.stmcufinder\plugins\mcufinder/ => C:\Users\M S I\.stmcufinder\plugins\mcufinder
2023-10-02 10:53:55,658 [INFO] DbBoardsDocs:110 - Set database path to: C:\Users\M S I\.stmcufinder\plugins\mcufinder//mcu/
2023-10-02 10:53:55,658 [WARN] DbFile:35 - Overriding database path with different value: C:\Users\M S I\.stmcufinder\plugins\mcufinder/ => C:\Users\M S I\.stmcufinder\plugins\mcufinder
2023-10-02 10:53:55,658 [INFO] DbBoardsJson:57 - Set database path to: C:\Users\M S I\.stmcufinder\plugins\mcufinder//mcu/
2023-10-02 10:53:55,658 [WARN] DbFile:35 - Overriding database path with different value: C:\Users\M S I\.stmcufinder\plugins\mcufinder/ => C:\Users\M S I\.stmcufinder\plugins\mcufinder
2023-10-02 10:53:55,658 [WARN] DbFile:35 - Overriding database path with different value: C:\Users\M S I\.stmcufinder\plugins\mcufinder/ => C:\Users\M S I\.stmcufinder\plugins\mcufinder
2023-10-02 10:53:55,658 [INFO] CrossReferenceDbSqlite:196 - Set database path to: C:\Users\M S I\.stmcufinder\plugins\mcufinder//mcu/cs/
2023-10-02 10:53:55,658 [WARN] DbFile:35 - Overriding database path with different value: C:\Users\M S I\.stmcufinder\plugins\mcufinder/ => C:\Users\M S I\.stmcufinder\plugins\mcufinder
2023-10-02 10:53:55,658 [INFO] DbExamplesSqlite:767 - Set database path to: C:\Users\M S I\.stmcufinder\plugins\mcufinder//mcu/
2023-10-02 10:53:55,720 [INFO] MainPanel:214 - HeapMemory: 369098752
2023-10-02 10:53:55,799 [INFO] DbMcusXml:74 - Set database path to: C:\ST\STM32CubeIDE_1.7.0\STM32CubeIDE\plugins\com.st.stm32cube.common.mx_6.3.0.202107141111\\db\/mcu/
2023-10-02 10:53:55,799 [INFO] DbBoardsPdsc:56 - Set plugin database path to: C:\ST\STM32CubeIDE_1.7.0\STM32CubeIDE\plugins\com.st.stm32cube.common.mx_6.3.0.202107141111\\db\/plugins/boardmanager/
2023-10-02 10:53:55,799 [INFO] DbMcus:258 - Set plugin images path to: C:\ST\STM32CubeIDE_1.7.0\STM32CubeIDE\plugins\com.st.stm32cube.common.mx_6.3.0.202107141111\\db\/plugins/mcufinder/images/
2023-10-02 10:53:55,799 [INFO] DbBoards:264 - Set plugin images path to: C:\ST\STM32CubeIDE_1.7.0\STM32CubeIDE\plugins\com.st.stm32cube.common.mx_6.3.0.202107141111\\db\/plugins/mcufinder/images/
2023-10-02 10:53:55,799 [INFO] DbExamples:333 - Set plugin images path to: C:\ST\STM32CubeIDE_1.7.0\STM32CubeIDE\plugins\com.st.stm32cube.common.mx_6.3.0.202107141111\\db\/plugins/mcufinder/images/
2023-10-02 10:53:55,799 [WARN] DbFile:35 - Overriding database path with different value: C:\Users\M S I\.stmcufinder\plugins\mcufinder/ => C:\Users\M S I\.stmcufinder\plugins\mcufinder
2023-10-02 10:53:55,799 [INFO] DbMcusAds:119 - Set database path to: C:\Users\M S I\.stmcufinder\plugins\mcufinder//mcu/
2023-10-02 10:53:55,799 [WARN] DbFile:35 - Overriding database path with different value: C:\Users\M S I\.stmcufinder\plugins\mcufinder/ => C:\Users\M S I\.stmcufinder\plugins\mcufinder
2023-10-02 10:53:55,799 [INFO] DbMcusDocs:110 - Set database path to: C:\Users\M S I\.stmcufinder\plugins\mcufinder//mcu/
2023-10-02 10:53:55,799 [WARN] DbFile:35 - Overriding database path with different value: C:\Users\M S I\.stmcufinder\plugins\mcufinder/ => C:\Users\M S I\.stmcufinder\plugins\mcufinder
2023-10-02 10:53:55,799 [INFO] DbMcusJson:64 - Set database path to: C:\Users\M S I\.stmcufinder\plugins\mcufinder//mcu/
2023-10-02 10:53:55,799 [WARN] DbFile:35 - Overriding database path with different value: C:\Users\M S I\.stmcufinder\plugins\mcufinder/ => C:\Users\M S I\.stmcufinder\plugins\mcufinder
2023-10-02 10:53:55,799 [INFO] DbBoardsDocs:110 - Set database path to: C:\Users\M S I\.stmcufinder\plugins\mcufinder//mcu/
2023-10-02 10:53:55,799 [WARN] DbFile:35 - Overriding database path with different value: C:\Users\M S I\.stmcufinder\plugins\mcufinder/ => C:\Users\M S I\.stmcufinder\plugins\mcufinder
2023-10-02 10:53:55,799 [INFO] DbBoardsJson:57 - Set database path to: C:\Users\M S I\.stmcufinder\plugins\mcufinder//mcu/
2023-10-02 10:53:55,799 [WARN] DbFile:35 - Overriding database path with different value: C:\Users\M S I\.stmcufinder\plugins\mcufinder/ => C:\Users\M S I\.stmcufinder\plugins\mcufinder
2023-10-02 10:53:55,799 [WARN] DbFile:35 - Overriding database path with different value: C:\Users\M S I\.stmcufinder\plugins\mcufinder/ => C:\Users\M S I\.stmcufinder\plugins\mcufinder
2023-10-02 10:53:55,799 [INFO] CrossReferenceDbSqlite:196 - Set database path to: C:\Users\M S I\.stmcufinder\plugins\mcufinder//mcu/cs/
2023-10-02 10:53:55,799 [WARN] DbFile:35 - Overriding database path with different value: C:\Users\M S I\.stmcufinder\plugins\mcufinder/ => C:\Users\M S I\.stmcufinder\plugins\mcufinder
2023-10-02 10:53:55,799 [INFO] DbExamplesSqlite:767 - Set database path to: C:\Users\M S I\.stmcufinder\plugins\mcufinder//mcu/
2023-10-02 10:53:55,814 [INFO] ApplicationProperties:181 - Using Application install path: C:\ST\STM32CubeIDE_1.7.0\STM32CubeIDE\plugins\com.st.stm32cube.common.mx_6.3.0.202107141111
2023-10-02 10:53:55,814 [INFO] PluginManage:188 - Search for loadable plugins [exclusion list=, ]
2023-10-02 10:53:55,814 [INFO] PluginManage:302 - Check plugin analytics
2023-10-02 10:53:55,955 [INFO] AnalyticsPlugin:257 - Accepted Software Licenses: 
2023-10-02 10:53:55,955 [INFO] AnalyticsPlugin:259 - Accepted CMSIS Pack Licenses: 
2023-10-02 10:53:55,955 [INFO] AnalyticsPlugin:261 - Accepted Firmware Licenses: 
2023-10-02 10:53:55,955 [INFO] PluginManage:352 - Loaded plugin analytics (category:tool,tabindex:-1)
2023-10-02 10:53:55,955 [INFO] PluginManage:302 - Check plugin clock
2023-10-02 10:53:55,971 [INFO] PluginManage:352 - Loaded plugin clock (category:base,tabindex:2)
2023-10-02 10:53:55,971 [INFO] PluginManage:302 - Check plugin ddr
2023-10-02 10:53:55,971 [INFO] PluginManage:352 - Loaded plugin ddr (category:tool,tabindex:6)
2023-10-02 10:53:55,971 [INFO] PluginManage:302 - Check plugin filemanager
2023-10-02 10:53:56,080 [INFO] PluginManage:352 - Loaded plugin filemanager (category:base,tabindex:10)
2023-10-02 10:53:56,080 [INFO] PluginManage:302 - Check plugin ipmanager
2023-10-02 10:53:56,096 [INFO] PluginManage:352 - Loaded plugin ipmanager (category:base,tabindex:5)
2023-10-02 10:53:56,096 [INFO] PluginManage:302 - Check plugin pinoutandconfiguration
2023-10-02 10:53:56,112 [INFO] PluginManage:352 - Loaded plugin pinoutandconfiguration (category:base,tabindex:1)
2023-10-02 10:53:56,112 [INFO] PluginManage:302 - Check plugin pinoutconfig
2023-10-02 10:53:56,143 [INFO] PluginManage:352 - Loaded plugin pinoutconfig (category:base,tabindex:0)
2023-10-02 10:53:56,143 [INFO] PluginManage:302 - Check plugin power
2023-10-02 10:53:56,159 [INFO] PluginManage:352 - Loaded plugin power (category:power,tabindex:4)
2023-10-02 10:53:56,159 [INFO] PluginManage:302 - Check plugin projectmanager
2023-10-02 10:53:56,174 [INFO] PluginManage:352 - Loaded plugin projectmanager (category:projectmanager,tabindex:3)
2023-10-02 10:53:56,174 [INFO] PluginManage:302 - Check plugin thirdparty
2023-10-02 10:53:56,362 [WARN] IntegrityCheckThread:78 - waiting for thirdparty lock release [integrity check]
2023-10-02 10:53:56,362 [INFO] PluginManage:352 - Loaded plugin thirdparty (category:base,tabindex:-1)
2023-10-02 10:53:56,362 [INFO] PluginManage:302 - Check plugin tools
2023-10-02 10:53:56,362 [INFO] IntegrityCheckThread:80 - entering critical section [integrity check]
2023-10-02 10:53:56,377 [INFO] ThirdPartyUpdaterWithRetryManager:66 - Updater plugin not ready yet. [1/15]
2023-10-02 10:53:56,408 [INFO] PluginManage:352 - Loaded plugin tools (category:base,tabindex:7)
2023-10-02 10:53:56,408 [INFO] PluginManage:302 - Check plugin tutovideos
2023-10-02 10:53:56,612 [INFO] PluginManage:352 - Loaded plugin tutovideos (category:base,tabindex:-1)
2023-10-02 10:53:56,612 [INFO] PluginManage:302 - Check plugin updater
2023-10-02 10:53:56,612 [INFO] PluginManage:352 - Loaded plugin updater (category:base,tabindex:12)
2023-10-02 10:53:56,612 [INFO] PluginManage:275 - PluginManage : Loaded plugins [13]
2023-10-02 10:53:56,752 [INFO] PinOutPanel:1463 - setPackage(No Configuration,No Configuration)
2023-10-02 10:53:56,831 [INFO] IPUIPlugin:74 - create IPUIPlugin
2023-10-02 10:53:56,831 [INFO] PluginManager:213 - loadIPPluginJar : add adc
2023-10-02 10:53:56,862 [INFO] IPUIPlugin:74 - create IPUIPlugin
2023-10-02 10:53:56,862 [INFO] PluginManager:213 - loadIPPluginJar : add aes
2023-10-02 10:53:56,893 [INFO] IPUIPlugin:74 - create IPUIPlugin
2023-10-02 10:53:56,893 [INFO] PluginManager:213 - loadIPPluginJar : add can
2023-10-02 10:53:56,909 [INFO] IPUIPlugin:74 - create IPUIPlugin
2023-10-02 10:53:56,909 [INFO] PluginManager:213 - loadIPPluginJar : add comp
2023-10-02 10:53:56,940 [INFO] IPUIPlugin:74 - create IPUIPlugin
2023-10-02 10:53:56,940 [INFO] PluginManager:213 - loadIPPluginJar : add cryp
2023-10-02 10:53:56,955 [INFO] IPUIPlugin:74 - create IPUIPlugin
2023-10-02 10:53:56,955 [INFO] PluginManager:213 - loadIPPluginJar : add dfsdm
2023-10-02 10:53:56,971 [INFO] IPUIPlugin:74 - create IPUIPlugin
2023-10-02 10:53:56,971 [INFO] PluginManager:213 - loadIPPluginJar : add dma
2023-10-02 10:53:57,002 [INFO] IPUIPlugin:74 - create IPUIPlugin
2023-10-02 10:53:57,002 [INFO] PluginManager:213 - loadIPPluginJar : add dma3
2023-10-02 10:53:57,033 [INFO] IPUIPlugin:74 - create IPUIPlugin
2023-10-02 10:53:57,033 [INFO] PluginManager:213 - loadIPPluginJar : add fatfs
2023-10-02 10:53:57,065 [INFO] IPUIPlugin:74 - create IPUIPlugin
2023-10-02 10:53:57,065 [INFO] PluginManager:213 - loadIPPluginJar : add fmc
2023-10-02 10:53:57,080 [INFO] IPUIPlugin:74 - create IPUIPlugin
2023-10-02 10:53:57,080 [INFO] PluginManager:213 - loadIPPluginJar : add freertos
2023-10-02 10:53:57,096 [INFO] IPUIPlugin:74 - create IPUIPlugin
2023-10-02 10:53:57,096 [INFO] PluginManager:213 - loadIPPluginJar : add genericplugin
2023-10-02 10:53:57,158 [INFO] IPUIPlugin:74 - create IPUIPlugin
2023-10-02 10:53:57,158 [INFO] PluginManager:213 - loadIPPluginJar : add gfxmmu
2023-10-02 10:53:57,252 [INFO] IPUIPlugin:74 - create IPUIPlugin
2023-10-02 10:53:57,252 [INFO] PluginManager:213 - loadIPPluginJar : add gic
2023-10-02 10:53:57,268 [INFO] IPUIPlugin:74 - create IPUIPlugin
2023-10-02 10:53:57,268 [INFO] PluginManager:213 - loadIPPluginJar : add gpio
2023-10-02 10:53:57,315 [INFO] IPUIPlugin:74 - create IPUIPlugin
2023-10-02 10:53:57,315 [INFO] PluginManager:213 - loadIPPluginJar : add gtzc
2023-10-02 10:53:57,346 [INFO] IPUIPlugin:74 - create IPUIPlugin
2023-10-02 10:53:57,346 [INFO] PluginManager:213 - loadIPPluginJar : add hash
2023-10-02 10:53:57,377 [INFO] IPUIPlugin:74 - create IPUIPlugin
2023-10-02 10:53:57,377 [INFO] PluginManager:213 - loadIPPluginJar : add i2c
2023-10-02 10:53:57,424 [INFO] IPUIPlugin:74 - create IPUIPlugin
2023-10-02 10:53:57,424 [INFO] PluginManager:213 - loadIPPluginJar : add i2s
2023-10-02 10:53:57,424 [INFO] IPUIPlugin:74 - create IPUIPlugin
2023-10-02 10:53:57,424 [INFO] PluginManager:213 - loadIPPluginJar : add ipddr
2023-10-02 10:53:57,486 [INFO] IPUIPlugin:74 - create IPUIPlugin
2023-10-02 10:53:57,486 [INFO] PluginManager:213 - loadIPPluginJar : add linkedlist
2023-10-02 10:53:57,518 [INFO] IPUIPlugin:74 - create IPUIPlugin
2023-10-02 10:53:57,518 [INFO] PluginManager:213 - loadIPPluginJar : add lorawan
2023-10-02 10:53:57,549 [INFO] IPUIPlugin:74 - create IPUIPlugin
2023-10-02 10:53:57,549 [INFO] PluginManager:213 - loadIPPluginJar : add ltdc
2023-10-02 10:53:57,564 [INFO] IPUIPlugin:74 - create IPUIPlugin
2023-10-02 10:53:57,564 [INFO] PluginManager:213 - loadIPPluginJar : add mdma
2023-10-02 10:53:57,564 [INFO] IPUIPlugin:74 - create IPUIPlugin
2023-10-02 10:53:57,564 [INFO] PluginManager:213 - loadIPPluginJar : add nvic
2023-10-02 10:53:57,596 [INFO] IPUIPlugin:74 - create IPUIPlugin
2023-10-02 10:53:57,596 [INFO] PluginManager:213 - loadIPPluginJar : add opamp
2023-10-02 10:53:57,643 [INFO] IPUIPlugin:74 - create IPUIPlugin
2023-10-02 10:53:57,643 [INFO] PluginManager:213 - loadIPPluginJar : add openamp
2023-10-02 10:53:57,674 [INFO] IPUIPlugin:74 - create IPUIPlugin
2023-10-02 10:53:57,674 [INFO] PluginManager:213 - loadIPPluginJar : add pdm2pcm
2023-10-02 10:53:57,689 [INFO] IPUIPlugin:74 - create IPUIPlugin
2023-10-02 10:53:57,689 [INFO] PluginManager:213 - loadIPPluginJar : add plateformsettings
2023-10-02 10:53:57,705 [INFO] IPUIPlugin:74 - create IPUIPlugin
2023-10-02 10:53:57,705 [INFO] PluginManager:213 - loadIPPluginJar : add quadspi
2023-10-02 10:53:57,721 [INFO] IPUIPlugin:74 - create IPUIPlugin
2023-10-02 10:53:57,721 [INFO] PluginManager:213 - loadIPPluginJar : add resmgrutility
2023-10-02 10:53:57,768 [INFO] IPUIPlugin:74 - create IPUIPlugin
2023-10-02 10:53:57,768 [INFO] PluginManager:213 - loadIPPluginJar : add sai
2023-10-02 10:53:57,784 [INFO] IPUIPlugin:74 - create IPUIPlugin
2023-10-02 10:53:57,784 [INFO] PluginManager:213 - loadIPPluginJar : add spi
2023-10-02 10:53:57,831 [INFO] IPUIPlugin:74 - create IPUIPlugin
2023-10-02 10:53:57,831 [INFO] PluginManager:213 - loadIPPluginJar : add stm32_wpan
2023-10-02 10:53:57,862 [INFO] IPUIPlugin:74 - create IPUIPlugin
2023-10-02 10:53:57,862 [INFO] PluginManager:213 - loadIPPluginJar : add tim
2023-10-02 10:53:57,893 [INFO] IPUIPlugin:74 - create IPUIPlugin
2023-10-02 10:53:57,893 [INFO] PluginManager:213 - loadIPPluginJar : add touchsensing
2023-10-02 10:53:57,930 [INFO] IPUIPlugin:74 - create IPUIPlugin
2023-10-02 10:53:57,930 [INFO] PluginManager:213 - loadIPPluginJar : add tracer_emb
2023-10-02 10:53:57,940 [INFO] IPUIPlugin:74 - create IPUIPlugin
2023-10-02 10:53:57,940 [INFO] PluginManager:213 - loadIPPluginJar : add ts
2023-10-02 10:53:57,971 [INFO] IPUIPlugin:74 - create IPUIPlugin
2023-10-02 10:53:57,971 [INFO] PluginManager:213 - loadIPPluginJar : add tsc
2023-10-02 10:53:57,987 [INFO] IPUIPlugin:74 - create IPUIPlugin
2023-10-02 10:53:57,987 [INFO] PluginManager:213 - loadIPPluginJar : add ucpd
2023-10-02 10:53:58,018 [INFO] IPUIPlugin:74 - create IPUIPlugin
2023-10-02 10:53:58,018 [INFO] PluginManager:213 - loadIPPluginJar : add usart
2023-10-02 10:53:58,049 [INFO] IPUIPlugin:74 - create IPUIPlugin
2023-10-02 10:53:58,049 [INFO] PluginManager:213 - loadIPPluginJar : add usbx
2023-10-02 10:53:58,329 [FATAL] Updater:294 - Updater called before beeing initialized
2023-10-02 10:53:58,423 [FATAL] Updater:294 - Updater called before beeing initialized
2023-10-02 10:53:58,423 [INFO] DbMcusAds:47 - JSON generation date=Tue Mar 07 15:50:55 HOVT 2023 (1678179055114)
2023-10-02 10:53:58,423 [FATAL] Updater:294 - Updater called before beeing initialized
2023-10-02 10:53:58,485 [WARN] DetailPanel:314 - Failed to get advertising image, set to default
2023-10-02 10:53:58,548 [FATAL] Updater:294 - Updater called before beeing initialized
2023-10-02 10:53:58,548 [FATAL] Updater:294 - Updater called before beeing initialized
2023-10-02 10:53:58,548 [FATAL] Updater:294 - Updater called before beeing initialized
2023-10-02 10:53:58,548 [WARN] DetailPanel:314 - Failed to get advertising image, set to default
2023-10-02 10:53:58,563 [FATAL] Updater:294 - Updater called before beeing initialized
2023-10-02 10:53:58,595 [ERROR] Updater:1075 - MainUpdater not yet initialized. External WinMGr cannot be set.
2023-10-02 10:53:58,610 [INFO] Updater:1012 - Updater Version found : 6.3.0
2023-10-02 10:53:58,626 [INFO] ApplicationProperties:181 - Using Application install path: C:\ST\STM32CubeIDE_1.7.0\STM32CubeIDE\plugins\com.st.stm32cube.common.mx_6.3.0.202107141111
2023-10-02 10:53:59,378 [INFO] ThirdPartyUpdaterWithRetryManager:66 - Updater plugin not ready yet. [2/15]
2023-10-02 10:54:00,707 [WARN] ServerAccessManage:1053 - Warning during Server Connexion :  timeout connect timed out
2023-10-02 10:54:00,941 [INFO] MainUpdater:2671 - connection check result : 10
2023-10-02 10:54:00,941 [INFO] MainUpdater:265 - Updater Check For Update Now.
2023-10-02 10:54:00,941 [INFO] MicroXplorer:478 - Change Database Version : DB.6.0.30
2023-10-02 10:54:01,113 [INFO] CheckServerUpdateThread:112 - End of CheckServer Thread
2023-10-02 10:54:01,191 [INFO] MainUpdater:2671 - connection check result : 10
2023-10-02 10:54:01,550 [INFO] McuFinderGlobals:52 - Set McuFinderConnectedMode to false
2023-10-02 10:54:01,644 [INFO] CrossSelectorPresenter:1330 - Cross Selector saved comparison directory: C:\Users\M S I\.stmcufinder\plugins\mcufinder\mcu\cs_comparisons_mx
2023-10-02 10:54:01,659 [INFO] MultiScanPanel:197 - Auto-refresh data requested => check proxy status ongoing
2023-10-02 10:54:01,659 [INFO] MultiScanPanel:201 - Proxy status is invalid
2023-10-02 10:54:01,675 [INFO] FinderPluginLoader:87 - Searching for filters in installed packs
2023-10-02 10:54:01,675 [INFO] DbMcusXml:100 - Load MCU database from C:\ST\STM32CubeIDE_1.7.0\STM32CubeIDE\plugins\com.st.stm32cube.common.mx_6.3.0.202107141111\\db\/mcu/families.xml
2023-10-02 10:54:02,489 [INFO] DbMcusJson:93 - JSON generation date=Tue Nov 16 23:17:54 HOVT 2021 (1637079474)
2023-10-02 10:54:02,567 [ERROR] Engine:463 - C:\Users\M S I\.stm32cubemx\thirdparties\pdsc\STMicroelectronics.X-CUBE-SMBUS.2.1.0.pdsc: PDSC version is not supported
2023-10-02 10:54:02,645 [WARN] PackLoader:238 - Cannot read IP mode file for STMicroelectronics.X-CUBE-AZRTOS-F7.1.1.0
2023-10-02 10:54:02,676 [ERROR] Engine:463 - C:\Users\M S I\.stm32cubemx\thirdparties\pdsc\STMicroelectronics.FP-SNS-MOTENV1.4.3.2.pdsc: PDSC version is not supported
2023-10-02 10:54:02,676 [ERROR] Engine:463 - C:\Users\M S I\.stm32cubemx\thirdparties\pdsc\STMicroelectronics.FP-SNS-FLIGHT1.5.0.2.pdsc: PDSC version is not supported
2023-10-02 10:54:02,692 [ERROR] Engine:463 - C:\Users\M S I\.stm32cubemx\thirdparties\pdsc\STMicroelectronics.X-CUBE-DISPLAY.3.0.0.pdsc: PDSC version is not supported
2023-10-02 10:54:02,707 [WARN] PackLoader:238 - Cannot read IP mode file for STMicroelectronics.X-CUBE-BLE1.7.0.0
2023-10-02 10:54:02,723 [ERROR] Engine:463 - C:\Users\M S I\.stm32cubemx\thirdparties\pdsc\emotas.I-CUBE-CANOPEN.1.3.0.pdsc: PDSC version is not supported
2023-10-02 10:54:02,723 [WARN] PackLoader:238 - Cannot read IP mode file for STMicroelectronics.X-CUBE-TOUCHGFX.4.22.0
2023-10-02 10:54:02,739 [ERROR] Engine:463 - C:\Users\M S I\.stm32cubemx\thirdparties\pdsc\STMicroelectronics.FP-SNS-SMARTAG2.1.2.0.pdsc: PDSC version is not supported
2023-10-02 10:54:02,786 [INFO] LogOutputStream:76 - [STDOUT_REDIRECT] 1 : Invalid condition id : UX_CORESTACK_Condition cause : null
2023-10-02 10:54:02,786 [INFO] LogOutputStream:76 - [STDOUT_REDIRECT] 1 : Invalid condition id : UX_CORESTACK_Condition cause : null
2023-10-02 10:54:02,786 [INFO] LogOutputStream:76 - [STDOUT_REDIRECT] 1 : Invalid condition id : UX_CORESTACK_Condition cause : null
2023-10-02 10:54:02,786 [INFO] LogOutputStream:76 - [STDOUT_REDIRECT] 1 : Invalid condition id : UX_CORESTACK_Condition cause : null
2023-10-02 10:54:02,786 [INFO] LogOutputStream:76 - [STDOUT_REDIRECT] 1 : Invalid condition id : UX_CORESTACK_Condition cause : null
2023-10-02 10:54:02,786 [WARN] PackLoader:238 - Cannot read IP mode file for STMicroelectronics.X-CUBE-AZRTOS-WL.2.0.0
2023-10-02 10:54:02,801 [WARN] PackLoader:238 - Cannot read IP mode file for WES.I-CUBE-Cesium.1.3.0
2023-10-02 10:54:02,832 [WARN] PackLoader:238 - Cannot read IP mode file for STMicroelectronics.X-CUBE-BLE2.3.3.0
2023-10-02 10:54:02,832 [WARN] PackLoader:238 - Cannot read IP mode file for STMicroelectronics.X-CUBE-ALGOBUILD.1.3.0
2023-10-02 10:54:02,864 [WARN] PackLoader:238 - Cannot read IP mode file for STMicroelectronics.X-CUBE-AZRTOS-G0.1.1.0
2023-10-02 10:54:02,879 [WARN] PackLoader:238 - Cannot read IP mode file for STMicroelectronics.X-CUBE-NFC4.3.0.0
2023-10-02 10:54:02,895 [WARN] PackLoader:238 - Cannot read IP mode file for STMicroelectronics.FP-ATR-SIGFOX1.3.2.0
2023-10-02 10:54:02,947 [WARN] PackLoader:238 - Cannot read IP mode file for SEGGER.I-CUBE-embOS.1.3.1
2023-10-02 10:54:03,056 [WARN] PackLoader:238 - Cannot read IP mode file for STMicroelectronics.X-CUBE-GNSS1.6.0.0
2023-10-02 10:54:03,087 [WARN] PackLoader:238 - Cannot read IP mode file for STMicroelectronics.X-CUBE-AZRTOS-F4.1.1.0
2023-10-02 10:54:03,118 [WARN] PackLoader:238 - Cannot read IP mode file for wolfSSL.I-CUBE-wolfSSL.5.6.3
2023-10-02 10:54:03,149 [WARN] PackLoader:238 - Cannot read IP mode file for STMicroelectronics.X-CUBE-AZRTOS-L5.2.0.0
2023-10-02 10:54:03,228 [WARN] PackLoader:238 - Cannot read IP mode file for STMicroelectronics.X-CUBE-MEMS1.9.6.0
2023-10-02 10:54:03,259 [INFO] DbMcus:175 - Found 1951 MCUs (1903 are supported by CubeMX, 1914 are visible in CubeMX)
2023-10-02 10:54:03,274 [INFO] ApiDb:251 - Load user favorites file C:\Users\M S I/.stm32cubeide/favorites.mcus.txt: 0 item(s)
2023-10-02 10:54:03,274 [INFO] ApiDb:255 - User favorites MCUs=[]
2023-10-02 10:54:03,274 [INFO] DbMcus:187 - Set 0 / 0 favorites MCUs
2023-10-02 10:54:03,431 [WARN] PackLoader:238 - Cannot read IP mode file for STMicroelectronics.X-CUBE-BLEMGR.2.0.0
2023-10-02 10:54:03,446 [WARN] ConditionMgr:437 - getConditionDescription Invalid condition id : UX DEVICE CLASS RTOS Condition cause : null
2023-10-02 10:54:03,446 [WARN] ConditionMgr:437 - getConditionDescription Invalid condition id : UX DEVICE CLASS RTOS Condition cause : null
2023-10-02 10:54:03,462 [WARN] PackLoader:238 - Cannot read IP mode file for STMicroelectronics.X-CUBE-AZRTOS-H7.3.1.0
2023-10-02 10:54:03,462 [WARN] ConditionMgr:1038 - genDependencies : Invalid condition id : UX DEVICE CLASS RTOS Condition cause : null
2023-10-02 10:54:03,462 [WARN] ConditionMgr:1038 - genDependencies : Invalid condition id : UX DEVICE CLASS RTOS Condition cause : null
2023-10-02 10:54:03,462 [WARN] ConditionMgr:1038 - genDependencies : Invalid condition id : UX DEVICE CLASS RTOS Condition cause : null
2023-10-02 10:54:03,462 [WARN] ConditionMgr:1038 - genDependencies : Invalid condition id : UX DEVICE CLASS RTOS Condition cause : null
2023-10-02 10:54:03,462 [WARN] ConditionMgr:1038 - genDependencies : Invalid condition id : UX DEVICE CLASS RTOS Condition cause : null
2023-10-02 10:54:03,462 [WARN] PackLoader:238 - Cannot read IP mode file for STMicroelectronics.X-CUBE-NFC7.1.0.1
2023-10-02 10:54:03,478 [WARN] PackLoader:238 - Cannot read IP mode file for STMicroelectronics.X-CUBE-NFC6.3.0.0
2023-10-02 10:54:03,493 [WARN] PackLoader:238 - Cannot read IP mode file for STMicroelectronics.X-CUBE-EEPRMA1.4.1.0
2023-10-02 10:54:03,509 [WARN] PackLoader:238 - Cannot read IP mode file for STMicroelectronics.X-CUBE-AI.8.1.0
2023-10-02 10:54:03,556 [WARN] ConditionMgr:437 - getConditionDescription Invalid condition id : LAN8742 Phy interface Condition cause : null
2023-10-02 10:54:03,556 [WARN] PackLoader:238 - Cannot read IP mode file for STMicroelectronics.X-CUBE-AZRTOS-L4.2.0.0
2023-10-02 10:54:03,556 [WARN] ConditionMgr:1038 - genDependencies : Invalid condition id : LAN8742 Phy interface Condition cause : null
2023-10-02 10:54:03,556 [WARN] ConditionMgr:1038 - genDependencies : Invalid condition id : LAN8742 Phy interface Condition cause : null
2023-10-02 10:54:03,556 [WARN] ConditionMgr:1038 - genDependencies : Invalid condition id : LAN8742 Phy interface Condition cause : null
2023-10-02 10:54:03,571 [WARN] PackLoader:238 - Cannot read IP mode file for STMicroelectronics.X-CUBE-SFXS2LP1.4.0.0
2023-10-02 10:54:03,587 [WARN] PackLoader:238 - Cannot read IP mode file for STMicroelectronics.X-CUBE-ISPU.1.1.0
2023-10-02 10:54:03,603 [WARN] ConditionMgr:437 - getConditionDescription Invalid condition id : UX DEVICE CLASS RTOS Condition cause : null
2023-10-02 10:54:03,603 [WARN] ConditionMgr:437 - getConditionDescription Invalid condition id : UX DEVICE CLASS RTOS Condition cause : null
2023-10-02 10:54:03,603 [WARN] PackLoader:238 - Cannot read IP mode file for STMicroelectronics.X-CUBE-AZRTOS-WB.2.0.0
2023-10-02 10:54:03,603 [WARN] ConditionMgr:1038 - genDependencies : Invalid condition id : UX DEVICE CLASS RTOS Condition cause : null
2023-10-02 10:54:03,603 [WARN] ConditionMgr:1038 - genDependencies : Invalid condition id : UX DEVICE CLASS RTOS Condition cause : null
2023-10-02 10:54:03,603 [WARN] ConditionMgr:1038 - genDependencies : Invalid condition id : UX DEVICE CLASS RTOS Condition cause : null
2023-10-02 10:54:03,603 [WARN] ConditionMgr:1038 - genDependencies : Invalid condition id : UX DEVICE CLASS RTOS Condition cause : null
2023-10-02 10:54:03,603 [WARN] ConditionMgr:1038 - genDependencies : Invalid condition id : UX DEVICE CLASS RTOS Condition cause : null
2023-10-02 10:54:03,618 [WARN] PackLoader:238 - Cannot read IP mode file for STMicroelectronics.X-CUBE-SUBG2.5.0.0
2023-10-02 10:54:03,634 [ERROR] Engine:463 - C:\Users\M S I\.stm32cubemx\thirdparties\pdsc\STMicroelectronics.X-CUBE-TOF1.3.3.1.pdsc: PDSC version is not supported
2023-10-02 10:54:03,665 [WARN] PackLoader:238 - Cannot read IP mode file for STMicroelectronics.X-CUBE-AZRTOS-G4.2.0.0
2023-10-02 10:54:03,681 [ERROR] Engine:463 - C:\Users\M S I\.stm32cubemx\thirdparties\pdsc\STMicroelectronics.X-CUBE-FREERTOS.1.1.0.pdsc: PDSC version is not supported
2023-10-02 10:54:03,696 [WARN] PackLoader:238 - Cannot read IP mode file for portGmbH.I-Cube-SoM-uGOAL.1.1.0
2023-10-02 10:54:03,696 [WARN] PackLoader:238 - Cannot read IP mode file for STMicroelectronics.X-CUBE-ALS.1.0.1
2023-10-02 10:54:03,712 [WARN] PackLoader:238 - Cannot read IP mode file for STMicroelectronics.FP-ATR-ASTRA1.2.0.0
2023-10-02 10:54:03,712 [INFO] ThirdParty:915 - Integrity check success = true
2023-10-02 10:54:03,712 [INFO] IntegrityCheckThread:94 - exiting critical section [integrity check]
2023-10-02 10:54:03,712 [INFO] IntegrityCheckThread:97 - End integrity checks thread
2023-10-02 10:54:03,774 [INFO] DetailPanel:309 - Set advertising image to C:/Users/M S I/STM32Cube/Repository/\en.prom-stm32h5-mcu-finder.jpg
2023-10-02 10:54:04,099 [INFO] DbBoardsPdsc:90 - Found 25 items
2023-10-02 10:54:04,099 [INFO] DbBoardsPdsc:90 - Found 9 items
2023-10-02 10:54:04,115 [INFO] DbBoardsPdsc:90 - Found 33 items
2023-10-02 10:54:04,115 [INFO] DbBoardsPdsc:90 - Found 1 items
2023-10-02 10:54:04,130 [INFO] DbBoardsPdsc:90 - Found 48 items
2023-10-02 10:54:04,146 [INFO] DbBoardsPdsc:90 - Found 43 items
2023-10-02 10:54:04,161 [INFO] DbBoardsPdsc:90 - Found 2 items
2023-10-02 10:54:04,161 [INFO] DbBoardsPdsc:90 - Found 5 items
2023-10-02 10:54:04,177 [WARN] DbBoardsPdsc:254 - Board STM32H7B3I-DK: unknown feature type=Audio, name=, username=Audio stereo codec with Headphone Amp (CS42L51-CNZ), n=1
2023-10-02 10:54:04,177 [WARN] DbBoardsPdsc:254 - Board STM32H735G-DK: unknown feature type=Audio, name=, username=Audio stereo codec with Headphone Amp (WM8994ECS/R), n=1
2023-10-02 10:54:04,177 [WARN] DbBoardsPdsc:254 - Board STM32H7B3I-EVAL: unknown feature type=Audio, name=, username=Multi-Channel Audio Codec (CS42L51-CNZ), n=1
2023-10-02 10:54:04,177 [WARN] DbBoardsPdsc:254 - Board STM32H7B3I-EVAL: unknown feature type=Meter, name=, username=Power-metering and Temperature-monitoring with sigma-delta modulators, n=1
2023-10-02 10:54:04,177 [WARN] DbBoardsPdsc:254 - Board STM32H7B3I-EVAL: unknown feature type=Motor, name=, username=Motor Control, n=1
2023-10-02 10:54:04,177 [WARN] DbBoardsPdsc:254 - Board STM32U575I-EV: unknown feature type=joystick, name=, username=4-direction joystick with selection button, n=1
2023-10-02 10:54:04,240 [INFO] DbBoardsJson:86 - JSON generation date=Tue Nov 16 23:17:54 HOVT 2021 (1637079474)
2023-10-02 10:54:04,240 [INFO] DbBoards:117 - Found 167 boards (163 are supported by CubeMX)
2023-10-02 10:54:04,255 [INFO] DbBoardsDocs:143 - JSON generation date=Tue Nov 16 23:17:54 HOVT 2021 (1637079474)
2023-10-02 10:54:04,255 [INFO] DbBoardsDocs:79 - Found 209 boards documents
2023-10-02 10:54:04,255 [WARN] DbBoards:127 - board B-L475E-IOT01A2 has no document id list !
2023-10-02 10:54:04,255 [WARN] DbBoards:127 - board NUCLEO-H743ZI has no document id list !
2023-10-02 10:54:04,255 [WARN] DbBoards:127 - board NUCLEO-WL55JC2 has no document id list !
2023-10-02 10:54:04,255 [WARN] DbBoards:127 - board P-NUCLEO-WB55-Nucleo has no document id list !
2023-10-02 10:54:04,255 [WARN] DbBoards:127 - board P-NUCLEO-WB55-USBDongle has no document id list !
2023-10-02 10:54:04,255 [WARN] DbBoards:127 - board STEVAL-BFA001V1B has no document id list !
2023-10-02 10:54:04,255 [WARN] DbBoards:127 - board STEVAL-BFA001V2B has no document id list !
2023-10-02 10:54:04,255 [WARN] DbBoards:127 - board STEVAL-IDP005V1 has no document id list !
2023-10-02 10:54:04,255 [WARN] DbBoards:127 - board STEVAL-IDP005V2 has no document id list !
2023-10-02 10:54:04,255 [WARN] DbBoards:127 - board STEVAL-MKSBOX1V1 has no document id list !
2023-10-02 10:54:04,255 [WARN] DbBoards:127 - board STEVAL-STWINKT1 has no document id list !
2023-10-02 10:54:04,255 [WARN] DbBoards:127 - board STEVAL-STWINKT1B has no document id list !
2023-10-02 10:54:04,255 [WARN] DbBoards:127 - board STM32439I-EVAL2 has no document id list !
2023-10-02 10:54:04,255 [WARN] DbBoards:127 - board STM32F401C-DISCO has no document id list !
2023-10-02 10:54:04,255 [WARN] DbBoards:127 - board STM32F769I-DISC1 has no document id list !
2023-10-02 10:54:04,255 [WARN] DbBoards:127 - board STM32G474E-EVAL1 has no document id list !
2023-10-02 10:54:04,255 [WARN] DbBoards:127 - board STM32H743I-EVAL2 has no document id list !
2023-10-02 10:54:04,255 [WARN] DbBoards:127 - board STM32H747I-DISC1 has no document id list !
2023-10-02 10:54:04,255 [WARN] DbBoards:127 - board STM32H753I-EVAL2 has no document id list !
2023-10-02 10:54:04,255 [WARN] DbBoards:127 - board STM32L-DISCOVERY has no document id list !
2023-10-02 10:54:04,396 [ERROR] DbBoards:189 - Image file not found for board B-U585I-IOT02A: C:\ST\STM32CubeIDE_1.7.0\STM32CubeIDE\plugins\com.st.stm32cube.common.mx_6.3.0.202107141111\\db\/plugins/mcufinder/images/boards/B-U585I-IOT02A_small.jpg
2023-10-02 10:54:04,474 [ERROR] DbBoards:189 - Image file not found for board NUCLEO-F413ZH: C:\ST\STM32CubeIDE_1.7.0\STM32CubeIDE\plugins\com.st.stm32cube.common.mx_6.3.0.202107141111\\db\/plugins/mcufinder/images/boards/nucleo-f413zh_small.jpg
2023-10-02 10:54:04,630 [ERROR] DbBoards:189 - Image file not found for board NUCLEO-L552ZE-Q: C:\ST\STM32CubeIDE_1.7.0\STM32CubeIDE\plugins\com.st.stm32cube.common.mx_6.3.0.202107141111\\db\/plugins/mcufinder/images/boards/nucleo_l552ze_q_small.jpg
2023-10-02 10:54:04,630 [ERROR] DbBoards:189 - Image file not found for board NUCLEO-U575ZI-Q: C:\ST\STM32CubeIDE_1.7.0\STM32CubeIDE\plugins\com.st.stm32cube.common.mx_6.3.0.202107141111\\db\/plugins/mcufinder/images/boards/nucleo-u575zi-q_small.jpg
2023-10-02 10:54:04,630 [ERROR] DbBoards:189 - Image file not found for board NUCLEO-WB15CC: C:\ST\STM32CubeIDE_1.7.0\STM32CubeIDE\plugins\com.st.stm32cube.common.mx_6.3.0.202107141111\\db\/plugins/mcufinder/images/boards/nucleo-wb15cc_small.jpg
2023-10-02 10:54:04,630 [ERROR] DbBoards:189 - Image file not found for board NUCLEO-WB55RG: C:\ST\STM32CubeIDE_1.7.0\STM32CubeIDE\plugins\com.st.stm32cube.common.mx_6.3.0.202107141111\\db\/plugins/mcufinder/images/boards/nucleo-wb55rg_small.jpg
2023-10-02 10:54:05,536 [INFO] ApiDb:251 - Load user favorites file C:\Users\M S I/.stm32cubeide/favorites.boards.txt: 0 item(s)
2023-10-02 10:54:05,536 [INFO] ApiDb:255 - User favorites Boards=[]
2023-10-02 10:54:05,536 [INFO] DbBoards:206 - Set 0 / 0 favorites Boards
2023-10-02 10:54:15,573 [INFO] DbMcusDocs:143 - JSON generation date=Tue Nov 16 23:17:54 HOVT 2021 (1637079474)
2023-10-02 10:54:15,809 [INFO] DbMcusDocs:79 - Found 682 MCUs documents
2023-10-02 10:54:24,860 [INFO] MainUpdater:2671 - connection check result : 10
2023-10-02 10:54:24,860 [INFO] MainUpdater:2671 - connection check result : 10
2023-10-02 10:54:24,904 [INFO] MicroXplorer:448 - Change Database Path : 
2023-10-02 10:54:24,904 [INFO] MicroXplorer:478 - Change Database Version : DB.6.0.30
2023-10-02 10:54:24,904 [WARN] ThirdParty:813 - waiting for thirdparty lock release [close project]
2023-10-02 10:54:24,904 [INFO] ThirdParty:815 - entering critical section [close project]
2023-10-02 10:54:24,905 [INFO] ThirdParty:825 - exiting critical section [close project]
2023-10-02 10:54:24,908 [INFO] PinOutPanel:1463 - setPackage(No Configuration,No Configuration)
2023-10-02 10:54:24,908 [INFO] UtilMem:74 - Begin LoadConfig() Used Memory: 471281968 Bytes (883949568)
2023-10-02 10:54:24,909 [INFO] MicroXplorer:448 - Change Database Path : 
2023-10-02 10:54:24,909 [INFO] MicroXplorer:478 - Change Database Version : DB.6.0.30
2023-10-02 10:54:24,910 [INFO] OpenFileManager:313 - Change cursor
2023-10-02 10:54:25,514 [INFO] Context:592 - Trying to add GPIOservice into a context  which must be forbidden
2023-10-02 10:54:25,655 [INFO] ImportTextPane:167 - (OptionalMessage_ERROR) Unable to find key (Mcu.ThirdPartyNb) in loaded IOC file
2023-10-02 10:54:25,655 [INFO] ImportTextPane:167 - (OptionalMessage_ERROR) Unable to find key (Mcu.PinsNb) in loaded IOC file
2023-10-02 10:54:25,655 [INFO] ImportTextPane:167 - (OptionalMessage_ERROR) Unable to find key (Mcu.IPNb) in loaded IOC file
2023-10-02 10:54:25,686 [WARN] ApiManager:304 - Cannot register API 'Board Extension:GNSS1A1' from pack STMicroelectronics.X-CUBE-GNSS1.6.0.0: no header file found
2023-10-02 10:54:25,686 [WARN] ApiManager:304 - Cannot register API 'Board Support:Custom' from pack STMicroelectronics.X-CUBE-GNSS1.6.0.0: no header file found
2023-10-02 10:54:25,686 [WARN] ApiManager:304 - Cannot register API 'Data Exchange:lib_gnss' from pack STMicroelectronics.X-CUBE-GNSS1.6.0.0: no header file found
2023-10-02 10:54:25,686 [WARN] ApiManager:304 - Cannot register API 'Wireless:BlueNRG-MS' from pack STMicroelectronics.X-CUBE-BLE1.7.0.0: no header file found
2023-10-02 10:54:25,686 [WARN] ModelIntegratedComponent:60 - No mode defined for component null
2023-10-02 10:54:25,686 [WARN] ModelIntegratedComponent:60 - No mode defined for component null
2023-10-02 10:54:25,686 [WARN] ModelIntegratedComponent:60 - No mode defined for component null
2023-10-02 10:54:25,686 [WARN] ModelIntegratedComponent:60 - No mode defined for component null
2023-10-02 10:54:25,686 [WARN] ModelIntegratedComponent:60 - No mode defined for component null
2023-10-02 10:54:25,686 [WARN] ModelIntegratedComponent:60 - No mode defined for component null
2023-10-02 10:54:25,686 [WARN] ModelIntegratedComponent:60 - No mode defined for component null
2023-10-02 10:54:25,686 [WARN] ModelIntegratedComponent:60 - No mode defined for component null
2023-10-02 10:54:25,686 [WARN] ModelIntegratedComponent:60 - No mode defined for component null
2023-10-02 10:54:25,686 [WARN] ModelIntegratedComponent:60 - No mode defined for component null
2023-10-02 10:54:25,686 [WARN] ModelIntegratedComponent:60 - No mode defined for component null
2023-10-02 10:54:25,686 [WARN] ModelIntegratedComponent:60 - No mode defined for component null
2023-10-02 10:54:25,686 [WARN] ModelIntegratedComponent:60 - No mode defined for component null
2023-10-02 10:54:25,686 [WARN] ModelIntegratedComponent:60 - No mode defined for component null
2023-10-02 10:54:25,686 [WARN] ModelIntegratedComponent:60 - No mode defined for component null
2023-10-02 10:54:25,686 [WARN] ModelIntegratedComponent:60 - No mode defined for component null
2023-10-02 10:54:25,686 [WARN] ModelIntegratedComponent:60 - No mode defined for component null
2023-10-02 10:54:25,686 [WARN] ModelIntegratedComponent:60 - No mode defined for component null
2023-10-02 10:54:25,702 [WARN] ModelIntegratedComponent:60 - No mode defined for component null
2023-10-02 10:54:25,702 [WARN] ModelIntegratedComponent:60 - No mode defined for component null
2023-10-02 10:54:25,702 [WARN] ModelIntegratedComponent:60 - No mode defined for component null
2023-10-02 10:54:25,702 [WARN] ModelIntegratedComponent:60 - No mode defined for component null
2023-10-02 10:54:25,702 [WARN] ModelIntegratedComponent:60 - No mode defined for component null
2023-10-02 10:54:25,702 [WARN] ModelIntegratedComponent:60 - No mode defined for component null
2023-10-02 10:54:25,702 [WARN] ModelIntegratedComponent:60 - No mode defined for component null
2023-10-02 10:54:25,702 [WARN] ModelIntegratedComponent:60 - No mode defined for component null
2023-10-02 10:54:25,702 [WARN] ModelIntegratedComponent:60 - No mode defined for component null
2023-10-02 10:54:25,702 [WARN] ModelIntegratedComponent:60 - No mode defined for component null
2023-10-02 10:54:25,702 [WARN] ModelIntegratedComponent:60 - No mode defined for component null
2023-10-02 10:54:25,702 [WARN] ModelIntegratedComponent:60 - No mode defined for component null
2023-10-02 10:54:25,702 [WARN] ModelIntegratedComponent:60 - No mode defined for component null
2023-10-02 10:54:25,702 [WARN] ApiManager:304 - Cannot register API 'Board Extension:NFC07A1' from pack STMicroelectronics.X-CUBE-NFC7.1.0.1: no header file found
2023-10-02 10:54:25,702 [WARN] ApiManager:304 - Cannot register API 'Board Extension:NFC06A1' from pack STMicroelectronics.X-CUBE-NFC6.3.0.0: no header file found
2023-10-02 10:54:25,702 [WARN] ApiManager:304 - Cannot register API 'Board Extension:NFC08A1' from pack STMicroelectronics.X-CUBE-NFC6.3.0.0: no header file found
2023-10-02 10:54:25,702 [WARN] ApiManager:304 - Cannot register API 'Board Extension:EEPRMA1' from pack STMicroelectronics.X-CUBE-EEPRMA1.4.1.0: no header file found
2023-10-02 10:54:25,702 [WARN] ApiManager:304 - Cannot register API 'Board Extension:EEPRMA2' from pack STMicroelectronics.X-CUBE-EEPRMA1.4.1.0: no header file found
2023-10-02 10:54:25,702 [WARN] ApiManager:304 - Cannot register API 'Board Extension:PGEEZ1' from pack STMicroelectronics.X-CUBE-EEPRMA1.4.1.0: no header file found
2023-10-02 10:54:25,702 [WARN] ApiManager:304 - Cannot register API 'Board Part:M24' from pack STMicroelectronics.X-CUBE-EEPRMA1.4.1.0: no header file found
2023-10-02 10:54:25,702 [WARN] ApiManager:304 - Cannot register API 'Board Part:M95' from pack STMicroelectronics.X-CUBE-EEPRMA1.4.1.0: no header file found
2023-10-02 10:54:25,702 [WARN] ApiManager:304 - Cannot register API 'Board Part:M95P32' from pack STMicroelectronics.X-CUBE-EEPRMA1.4.1.0: no header file found
2023-10-02 10:54:25,702 [WARN] ApiManager:304 - Cannot register API 'PGEEZ1:SPI' from pack STMicroelectronics.X-CUBE-EEPRMA1.4.1.0: no header file found
2023-10-02 10:54:25,702 [WARN] ApiManager:304 - Cannot register API 'PGEEZ1:QDSPI' from pack STMicroelectronics.X-CUBE-EEPRMA1.4.1.0: no header file found
2023-10-02 10:54:25,889 [WARN] ApiManager:304 - Cannot register API 'Board Extension:IKS01A3' from pack STMicroelectronics.X-CUBE-MEMS1.9.6.0: no header file found
2023-10-02 10:54:25,889 [WARN] ApiManager:304 - Cannot register API 'Board Extension:IKS01A2' from pack STMicroelectronics.X-CUBE-MEMS1.9.6.0: no header file found
2023-10-02 10:54:25,889 [WARN] ApiManager:304 - Cannot register API 'Board Extension:IKS02A1' from pack STMicroelectronics.X-CUBE-MEMS1.9.6.0: no header file found
2023-10-02 10:54:25,905 [INFO] RtosManager:484 - Registered RTOS mode: class=CMSIS, group=RTOS, mode=CMSIS_V1, owner=FREERTOS
2023-10-02 10:54:25,905 [INFO] RtosManager:484 - Registered RTOS mode: class=CMSIS, group=RTOS2, mode=CMSIS_V2, owner=FREERTOS
2023-10-02 10:54:25,905 [INFO] RtosManager:484 - Registered RTOS mode: class=RTOS, group=Core, mode=CMSIS_V1, owner=FREERTOS
2023-10-02 10:54:25,905 [INFO] RtosManager:484 - Registered RTOS mode: class=RTOS, group=Core, mode=CMSIS_V2, owner=FREERTOS
2023-10-02 10:54:25,905 [WARN] ModelIntegratedComponent:181 - Missing modes for component STMicroelectronics:FreeRTOS:0.0.1:STMicroelectronics:RTOS:FreeRTOS:Core:::10.2.0:
2023-10-02 10:54:25,905 [WARN] ApiManager:304 - Cannot register API 'Board Extension:NFC04A1' from pack STMicroelectronics.X-CUBE-NFC4.3.0.0: no header file found
2023-10-02 10:54:25,905 [WARN] ApiManager:304 - Cannot register API 'Board Extension:S2868A1' from pack STMicroelectronics.X-CUBE-SUBG2.5.0.0: no header file found
2023-10-02 10:54:25,905 [WARN] ApiManager:304 - Cannot register API 'Board Extension:S2868A2' from pack STMicroelectronics.X-CUBE-SUBG2.5.0.0: no header file found
2023-10-02 10:54:25,905 [WARN] ApiManager:304 - Cannot register API 'Board Extension:S2915A1' from pack STMicroelectronics.X-CUBE-SUBG2.5.0.0: no header file found
2023-10-02 10:54:25,921 [WARN] ApiManager:304 - Cannot register API 'Board Extension:S2868A1' from pack STMicroelectronics.X-CUBE-SFXS2LP1.4.0.0: no header file found
2023-10-02 10:54:25,921 [WARN] ApiManager:304 - Cannot register API 'Board Extension:S2868A2' from pack STMicroelectronics.X-CUBE-SFXS2LP1.4.0.0: no header file found
2023-10-02 10:54:25,921 [WARN] ApiManager:304 - Cannot register API 'Board Extension:S2915A1' from pack STMicroelectronics.X-CUBE-SFXS2LP1.4.0.0: no header file found
2023-10-02 10:54:25,921 [WARN] ApiManager:304 - Cannot register API 'Wireless:BlueNRG-2' from pack STMicroelectronics.X-CUBE-BLE2.3.3.0: no header file found
2023-10-02 10:54:27,124 [INFO] UtilMem:74 - End LoadConfig() Used Memory: 570101240 Bytes (883949568)
2023-10-02 10:54:27,124 [WARN] ThirdParty:779 - waiting for thirdparty lock release [change project]
2023-10-02 10:54:27,140 [INFO] ThirdParty:781 - entering critical section [change project]
2023-10-02 10:54:27,140 [INFO] ThirdParty:967 - CMSIS Pack Vendor :STMicroelectronics X-CUBE-ISPU 1.1.0
2023-10-02 10:54:27,140 [INFO] ThirdParty:967 - CMSIS Pack Vendor :STMicroelectronics X-CUBE-GNSS1 6.0.0
2023-10-02 10:54:27,140 [INFO] ThirdParty:967 - CMSIS Pack Vendor :STMicroelectronics USB_HOST 2.0.0
2023-10-02 10:54:27,140 [INFO] ThirdParty:967 - CMSIS Pack Vendor :STMicroelectronics X-CUBE-AZRTOS-F4 1.1.0
2023-10-02 10:54:27,140 [INFO] ThirdParty:967 - CMSIS Pack Vendor :STMicroelectronics X-CUBE-BLE1 7.0.0
2023-10-02 10:54:27,140 [INFO] ThirdParty:967 - CMSIS Pack Vendor :STMicroelectronics FP-ATR-SIGFOX1 3.2.0
2023-10-02 10:54:27,140 [INFO] ThirdParty:967 - CMSIS Pack Vendor :wolfSSL I-CUBE-wolfSSL 5.6.3
2023-10-02 10:54:27,140 [INFO] ThirdParty:967 - CMSIS Pack Vendor :STMicroelectronics USB_DEVICE 3.0.0
2023-10-02 10:54:27,140 [INFO] ThirdParty:967 - CMSIS Pack Vendor :STMicroelectronics HAL Drivers 0.0.0
2023-10-02 10:54:27,140 [INFO] ThirdParty:967 - CMSIS Pack Vendor :STMicroelectronics MBEDTLS 2.16.2
2023-10-02 10:54:27,140 [INFO] ThirdParty:967 - CMSIS Pack Vendor :STMicroelectronics X-CUBE-AZRTOS-WB 2.0.0
2023-10-02 10:54:27,140 [INFO] ThirdParty:967 - CMSIS Pack Vendor :STMicroelectronics X-CUBE-TOUCHGFX 4.22.0
2023-10-02 10:54:27,140 [INFO] ThirdParty:967 - CMSIS Pack Vendor :STMicroelectronics X-CUBE-NFC7 1.0.1
2023-10-02 10:54:27,140 [INFO] ThirdParty:967 - CMSIS Pack Vendor :STMicroelectronics MBEDTLS 2.14.1
2023-10-02 10:54:27,140 [INFO] ThirdParty:967 - CMSIS Pack Vendor :STMicroelectronics X-CUBE-AZRTOS-F7 1.1.0
2023-10-02 10:54:27,140 [INFO] ThirdParty:967 - CMSIS Pack Vendor :STMicroelectronics X-CUBE-AZRTOS-L5 2.0.0
2023-10-02 10:54:27,140 [INFO] ThirdParty:967 - CMSIS Pack Vendor :STMicroelectronics X-CUBE-NFC6 3.0.0
2023-10-02 10:54:27,140 [INFO] ThirdParty:967 - CMSIS Pack Vendor :STMicroelectronics X-CUBE-EEPRMA1 4.1.0
2023-10-02 10:54:27,140 [INFO] ThirdParty:967 - CMSIS Pack Vendor :portGmbH I-Cube-SoM-uGOAL 1.1.0
2023-10-02 10:54:27,140 [INFO] ThirdParty:967 - CMSIS Pack Vendor :STMicroelectronics X-CUBE-ALS 1.0.1
2023-10-02 10:54:27,140 [INFO] ThirdParty:967 - CMSIS Pack Vendor :STMicroelectronics USB_DEVICE 2.0.0
2023-10-02 10:54:27,140 [INFO] ThirdParty:967 - CMSIS Pack Vendor :STMicroelectronics X-CUBE-MEMS1 9.6.0
2023-10-02 10:54:27,140 [INFO] ThirdParty:967 - CMSIS Pack Vendor :STMicroelectronics X-CUBE-AZRTOS-WL 2.0.0
2023-10-02 10:54:27,140 [INFO] ThirdParty:967 - CMSIS Pack Vendor :STMicroelectronics X-CUBE-ALGOBUILD 1.3.0
2023-10-02 10:54:27,140 [INFO] ThirdParty:967 - CMSIS Pack Vendor :SEGGER I-CUBE-embOS 1.3.1
2023-10-02 10:54:27,140 [INFO] ThirdParty:967 - CMSIS Pack Vendor :STMicroelectronics FreeRTOS 0.0.1
2023-10-02 10:54:27,140 [INFO] ThirdParty:967 - CMSIS Pack Vendor :STMicroelectronics X-CUBE-AZRTOS-G0 1.1.0
2023-10-02 10:54:27,140 [INFO] ThirdParty:967 - CMSIS Pack Vendor :STMicroelectronics USB_DEVICE 1.0.0
2023-10-02 10:54:27,140 [INFO] ThirdParty:967 - CMSIS Pack Vendor :STMicroelectronics X-CUBE-BLEMGR 2.0.0
2023-10-02 10:54:27,140 [INFO] ThirdParty:967 - CMSIS Pack Vendor :STMicroelectronics X-CUBE-AI 8.1.0
2023-10-02 10:54:27,140 [INFO] ThirdParty:967 - CMSIS Pack Vendor :STMicroelectronics X-CUBE-NFC4 3.0.0
2023-10-02 10:54:27,140 [INFO] ThirdParty:967 - CMSIS Pack Vendor :STMicroelectronics X-CUBE-SUBG2 5.0.0
2023-10-02 10:54:27,140 [INFO] ThirdParty:967 - CMSIS Pack Vendor :STMicroelectronics X-CUBE-AZRTOS-L4 2.0.0
2023-10-02 10:54:27,140 [INFO] ThirdParty:967 - CMSIS Pack Vendor :STMicroelectronics ThreadX 0.0.2
2023-10-02 10:54:27,140 [INFO] ThirdParty:967 - CMSIS Pack Vendor :WES I-CUBE-Cesium 1.3.0
2023-10-02 10:54:27,140 [INFO] ThirdParty:967 - CMSIS Pack Vendor :STMicroelectronics FP-ATR-ASTRA1 2.0.0
2023-10-02 10:54:27,140 [INFO] ThirdParty:967 - CMSIS Pack Vendor :STMicroelectronics lwIP 2.0.3
2023-10-02 10:54:27,140 [INFO] ThirdParty:967 - CMSIS Pack Vendor :STMicroelectronics lwIP 2.1.2
2023-10-02 10:54:27,140 [INFO] ThirdParty:967 - CMSIS Pack Vendor :STMicroelectronics X-CUBE-SFXS2LP1 4.0.0
2023-10-02 10:54:27,140 [INFO] ThirdParty:967 - CMSIS Pack Vendor :STMicroelectronics X-CUBE-BLE2 3.3.0
2023-10-02 10:54:27,140 [INFO] ThirdParty:967 - CMSIS Pack Vendor :STMicroelectronics USB_HOST 1.0.0
2023-10-02 10:54:27,140 [INFO] ThirdParty:967 - CMSIS Pack Vendor :STMicroelectronics X-CUBE-AZRTOS-G4 2.0.0
2023-10-02 10:54:27,140 [INFO] ThirdParty:967 - CMSIS Pack Vendor :STMicroelectronics PDM2PCM 3.1.0
2023-10-02 10:54:27,140 [INFO] ThirdParty:967 - CMSIS Pack Vendor :STMicroelectronics X-CUBE-AZRTOS-H7 3.1.0
2023-10-02 10:54:27,140 [INFO] ThirdParty:967 - CMSIS Pack Vendor :STMicroelectronics PDM2PCM 3.2.0
2023-10-02 10:54:27,140 [INFO] ThirdParty:967 - CMSIS Pack Vendor :STMicroelectronics PDM2PCM 3.3.0
2023-10-02 10:54:27,140 [INFO] ThirdParty:787 - exiting critical section [change project]
2023-10-02 10:54:27,296 [INFO] PinOutPanel:1463 - setPackage(No Configuration,No Configuration)
2023-10-02 10:54:27,296 [INFO] PinOutPanel:1463 - setPackage(STM32F103C6Ux,UFQFPN48)
2023-10-02 10:54:27,577 [INFO] UtilMem:74 - Before build in PCC Used Memory: 444758712 Bytes (883949568)
2023-10-02 10:54:28,015 [INFO] UtilMem:74 - After build in PCC Used Memory: 523401912 Bytes (883949568)
2023-10-02 10:54:28,031 [INFO] IPUIPlugin:74 - create IPUIPlugin
2023-10-02 10:54:28,031 [INFO] IPUIPlugin:74 - create IPUIPlugin
2023-10-02 10:54:28,031 [INFO] IPUIPlugin:74 - create IPUIPlugin
2023-10-02 10:54:28,031 [INFO] IPUIPlugin:74 - create IPUIPlugin
2023-10-02 10:54:28,031 [INFO] IPUIPlugin:74 - create IPUIPlugin
2023-10-02 10:54:28,031 [INFO] IPUIPlugin:74 - create IPUIPlugin
2023-10-02 10:54:28,031 [INFO] IPUIPlugin:74 - create IPUIPlugin
2023-10-02 10:54:28,031 [INFO] IPUIPlugin:74 - create IPUIPlugin
2023-10-02 10:54:28,031 [INFO] IPUIPlugin:74 - create IPUIPlugin
2023-10-02 10:54:28,031 [INFO] IPUIPlugin:74 - create IPUIPlugin
2023-10-02 10:54:28,031 [INFO] IPUIPlugin:74 - create IPUIPlugin
2023-10-02 10:54:28,031 [INFO] IPUIPlugin:74 - create IPUIPlugin
2023-10-02 10:54:28,031 [INFO] IPUIPlugin:74 - create IPUIPlugin
2023-10-02 10:54:28,031 [INFO] IPUIPlugin:74 - create IPUIPlugin
2023-10-02 10:54:28,031 [INFO] IPUIPlugin:74 - create IPUIPlugin
2023-10-02 10:54:28,031 [INFO] IPUIPlugin:74 - create IPUIPlugin
2023-10-02 10:54:28,031 [INFO] IPUIPlugin:74 - create IPUIPlugin
2023-10-02 10:54:28,031 [INFO] IPUIPlugin:74 - create IPUIPlugin
2023-10-02 10:54:28,031 [INFO] IPUIPlugin:74 - create IPUIPlugin
2023-10-02 10:54:28,031 [INFO] IPUIPlugin:74 - create IPUIPlugin
2023-10-02 10:54:28,031 [INFO] IPUIPlugin:74 - create IPUIPlugin
2023-10-02 10:54:28,031 [INFO] IPUIPlugin:74 - create IPUIPlugin
2023-10-02 10:54:28,031 [INFO] IPUIPlugin:74 - create IPUIPlugin
2023-10-02 10:54:28,125 [INFO] OpenFileManager:333 - Restore cursor
2023-10-02 10:54:28,297 [INFO] UtilMem:74 - End SaveConfig() Used Memory: 588935864 Bytes (883949568)
2023-10-02 10:54:28,343 [INFO] UtilMem:74 - End SaveConfig() Used Memory: 600996536 Bytes (883949568)
2023-10-02 10:54:28,562 [INFO] BlockDiagram:2740 - set Specific Code input for plugin: NVIC
2023-10-02 10:54:28,562 [INFO] BlockDiagram:2740 - set Specific Code input for plugin: SYS
2023-10-02 10:54:28,562 [INFO] BlockDiagram:2740 - set Specific Code input for plugin: RCC
2023-10-02 10:54:28,562 [INFO] CodeGenerator:663 - code generatio: config db path: C:\ST\STM32CubeIDE_1.7.0\STM32CubeIDE\plugins\com.st.stm32cube.common.mx_6.3.0.202107141111\\db\
2023-10-02 10:54:28,875 [INFO] CodeEngine:239 - oldGeneratedFile, C:\Users\M S I\Desktop\Exercise 3\Exercise 3\MXTmpFiles\license.tmp_save
2023-10-02 10:54:29,183 [INFO] CodeEngine:257 - Generated code: C:\Users\M S I\Desktop\Exercise 3\Exercise 3\MXTmpFiles\license.tmp
2023-10-02 10:54:29,277 [INFO] CodeEngine:239 - oldGeneratedFile, C:\Users\M S I\Desktop\Exercise 3\Exercise 3\Core\Src\stm32f1xx_it.c_save
2023-10-02 10:54:29,355 [INFO] CodeEngine:257 - Generated code: C:\Users\M S I\Desktop\Exercise 3\Exercise 3\Core\Src\stm32f1xx_it.c
2023-10-02 10:54:29,370 [INFO] CodeEngine:239 - oldGeneratedFile, C:\Users\M S I\Desktop\Exercise 3\Exercise 3\Core\Inc\stm32f1xx_it.h_save
2023-10-02 10:54:29,417 [INFO] CodeEngine:257 - Generated code: C:\Users\M S I\Desktop\Exercise 3\Exercise 3\Core\Inc\stm32f1xx_it.h
2023-10-02 10:54:29,433 [INFO] CodeEngine:239 - oldGeneratedFile, C:\Users\M S I\Desktop\Exercise 3\Exercise 3\Core\Src\stm32f1xx_hal_msp.c_save
2023-10-02 10:54:29,511 [INFO] CodeEngine:257 - Generated code: C:\Users\M S I\Desktop\Exercise 3\Exercise 3\Core\Src\stm32f1xx_hal_msp.c
2023-10-02 10:54:29,526 [INFO] CodeEngine:239 - oldGeneratedFile, C:\Users\M S I\Desktop\Exercise 3\Exercise 3\MXTmpFiles\system.tmp_save
2023-10-02 10:54:29,573 [INFO] CodeEngine:257 - Generated code: C:\Users\M S I\Desktop\Exercise 3\Exercise 3\MXTmpFiles\system.tmp
2023-10-02 10:54:29,589 [INFO] CodeEngine:239 - oldGeneratedFile, C:\Users\M S I\Desktop\Exercise 3\Exercise 3\Core\Inc\stm32f1xx_hal_conf.h_save
2023-10-02 10:54:29,651 [INFO] CodeEngine:257 - Generated code: C:\Users\M S I\Desktop\Exercise 3\Exercise 3\Core\Inc\stm32f1xx_hal_conf.h
2023-10-02 10:54:29,714 [INFO] CodeEngine:239 - oldGeneratedFile, C:\Users\M S I\Desktop\Exercise 3\Exercise 3\Core\Inc\main.h_save
2023-10-02 10:54:29,808 [INFO] CodeEngine:257 - Generated code: C:\Users\M S I\Desktop\Exercise 3\Exercise 3\Core\Inc\main.h
2023-10-02 10:54:29,808 [INFO] CodeEngine:239 - oldGeneratedFile, C:\Users\M S I\Desktop\Exercise 3\Exercise 3\Core\Src\main.c_save
2023-10-02 10:54:29,917 [INFO] CodeEngine:257 - Generated code: C:\Users\M S I\Desktop\Exercise 3\Exercise 3\Core\Src\main.c
2023-10-02 10:54:30,563 [INFO] ProjectBuilder:2578 - Time for Copy HAL[1] : 94mS.
2023-10-02 10:54:30,563 [INFO] ProjectBuilder:3622 - Project Generator version: 3.14.1
2023-10-02 10:54:31,048 [INFO] ConfigFileManager:1271 - The Die is : DIE412
2023-10-02 10:54:31,079 [INFO] ApiDbMcu:468 - Load IP Config File for FATFS
2023-10-02 10:54:31,095 [INFO] ApiDbMcu:468 - Load IP Config File for FREERTOS
2023-10-02 10:54:31,126 [INFO] ApiDbMcu:468 - Load IP Config File for USB_DEVICE
2023-10-02 10:54:35,284 [INFO] ProjectBuilder:3789 - Time for Generating toolchain IDE Files: 4721mS.
2023-10-02 10:54:35,284 [INFO] ProjectBuilder:2457 - Time for Copy CMSIS : 0mS.
2023-10-02 10:54:35,284 [INFO] ProjectBuilder:2457 - Time for Copy CMSIS : 0mS.
2023-10-02 10:54:38,973 [INFO] McuFinderGlobals:52 - Set McuFinderConnectedMode to true
2023-10-02 10:54:38,973 [INFO] ApiDb:276 - Save user favorites file C:\Users\M S I/.stm32cubeide/favorites.mcus.txt: 0 item(s)
2023-10-02 10:54:38,973 [INFO] ApiDb:280 - User favorites MCUs=[]
2023-10-02 10:56:42,029 [INFO] Gpio:254 - dependency for GPIO []
2023-10-02 10:56:45,420 [INFO] Gpio:254 - dependency for GPIO []
2023-10-02 10:56:49,192 [INFO] NvicIntPanel:96 - NVIC parent = com.st.microxplorer.plugins.ip.nvic.MultiNvicIntPanel[,0,0,0x0,invalid,layout=javax.swing.BoxLayout,alignmentX=0.0,alignmentY=0.0,border=,flags=9,maximumSize=,minimumSize=,preferredSize=]
2023-10-02 10:57:00,759 [INFO] NvicIntPanel:96 - NVIC parent = com.st.microxplorer.plugins.ip.nvic.MultiNvicIntPanel[,0,0,450x186,layout=javax.swing.BoxLayout,alignmentX=0.0,alignmentY=0.0,border=,flags=9,maximumSize=,minimumSize=,preferredSize=]
2023-10-02 10:57:14,621 [INFO] NvicIntPanel:96 - NVIC parent = com.st.microxplorer.plugins.ip.nvic.MultiNvicIntPanel[,0,0,450x186,layout=javax.swing.BoxLayout,alignmentX=0.0,alignmentY=0.0,border=,flags=9,maximumSize=,minimumSize=,preferredSize=]
2023-10-02 10:57:41,317 [INFO] NvicIntPanel:96 - NVIC parent = com.st.microxplorer.plugins.ip.nvic.MultiNvicIntPanel[,0,0,0x0,invalid,layout=javax.swing.BoxLayout,alignmentX=0.0,alignmentY=0.0,border=,flags=9,maximumSize=,minimumSize=,preferredSize=]
2023-10-02 10:57:53,970 [INFO] NvicIntPanel:96 - NVIC parent = com.st.microxplorer.plugins.ip.nvic.MultiNvicIntPanel[,0,0,450x186,layout=javax.swing.BoxLayout,alignmentX=0.0,alignmentY=0.0,border=,flags=9,maximumSize=,minimumSize=,preferredSize=]
2023-10-02 10:58:14,846 [INFO] UtilMem:74 - End SaveConfig() Used Memory: 563345592 Bytes (935329792)
2023-10-02 10:58:19,621 [INFO] UtilMem:74 - End SaveConfig() Used Memory: 581423720 Bytes (935329792)
2023-10-02 10:58:21,339 [INFO] UtilMem:74 - End SaveConfig() Used Memory: 689427048 Bytes (935329792)
2023-10-02 10:58:21,606 [INFO] BlockDiagram:2740 - set Specific Code input for plugin: NVIC
2023-10-02 10:58:21,606 [INFO] BlockDiagram:2740 - set Specific Code input for plugin: SYS
2023-10-02 10:58:21,606 [INFO] BlockDiagram:2740 - set Specific Code input for plugin: GPIO
2023-10-02 10:58:21,606 [INFO] BlockDiagram:2740 - set Specific Code input for plugin: RCC
2023-10-02 10:58:21,606 [INFO] BlockDiagram:2740 - set Specific Code input for plugin: TIM1_8F1
2023-10-02 10:58:21,606 [INFO] BlockDiagram:2740 - set Specific Code input for plugin: TIM1_8F1
2023-10-02 10:58:21,606 [INFO] CodeGenerator:663 - code generatio: config db path: C:\ST\STM32CubeIDE_1.7.0\STM32CubeIDE\plugins\com.st.stm32cube.common.mx_6.3.0.202107141111\\db\
2023-10-02 10:58:21,778 [INFO] CodeEngine:239 - oldGeneratedFile, C:\Users\M S I\Desktop\Exercise 3\Exercise 3\MXTmpFiles\license.tmp_save
2023-10-02 10:58:21,825 [INFO] CodeEngine:257 - Generated code: C:\Users\M S I\Desktop\Exercise 3\Exercise 3\MXTmpFiles\license.tmp
2023-10-02 10:58:21,871 [INFO] CodeEngine:239 - oldGeneratedFile, C:\Users\M S I\Desktop\Exercise 3\Exercise 3\MXTmpFiles\gpio.tmp_save
2023-10-02 10:58:21,918 [INFO] CodeEngine:257 - Generated code: C:\Users\M S I\Desktop\Exercise 3\Exercise 3\MXTmpFiles\gpio.tmp
2023-10-02 10:58:22,059 [INFO] CodeEngine:239 - oldGeneratedFile, C:\Users\M S I\Desktop\Exercise 3\Exercise 3\Core\Src\stm32f1xx_it.c_save
2023-10-02 10:58:22,215 [INFO] CodeEngine:257 - Generated code: C:\Users\M S I\Desktop\Exercise 3\Exercise 3\Core\Src\stm32f1xx_it.c
2023-10-02 10:58:22,231 [INFO] CodeEngine:239 - oldGeneratedFile, C:\Users\M S I\Desktop\Exercise 3\Exercise 3\Core\Inc\stm32f1xx_it.h_save
2023-10-02 10:58:22,293 [INFO] CodeEngine:257 - Generated code: C:\Users\M S I\Desktop\Exercise 3\Exercise 3\Core\Inc\stm32f1xx_it.h
2023-10-02 10:58:22,309 [INFO] CodeEngine:239 - oldGeneratedFile, C:\Users\M S I\Desktop\Exercise 3\Exercise 3\Core\Src\stm32f1xx_hal_msp.c_save
2023-10-02 10:58:22,387 [INFO] CodeEngine:257 - Generated code: C:\Users\M S I\Desktop\Exercise 3\Exercise 3\Core\Src\stm32f1xx_hal_msp.c
2023-10-02 10:58:22,387 [INFO] CodeEngine:239 - oldGeneratedFile, C:\Users\M S I\Desktop\Exercise 3\Exercise 3\MXTmpFiles\system.tmp_save
2023-10-02 10:58:22,434 [INFO] CodeEngine:257 - Generated code: C:\Users\M S I\Desktop\Exercise 3\Exercise 3\MXTmpFiles\system.tmp
2023-10-02 10:58:22,434 [INFO] CodeEngine:239 - oldGeneratedFile, C:\Users\M S I\Desktop\Exercise 3\Exercise 3\Core\Inc\stm32f1xx_hal_conf.h_save
2023-10-02 10:58:22,512 [INFO] CodeEngine:257 - Generated code: C:\Users\M S I\Desktop\Exercise 3\Exercise 3\Core\Inc\stm32f1xx_hal_conf.h
2023-10-02 10:58:22,528 [WARN] IPConfigManager:3148 - IP not found : TIM
2023-10-02 10:58:22,528 [WARN] CodeGenerator:3268 - IP not found : null
2023-10-02 10:58:22,543 [INFO] CodeEngine:239 - oldGeneratedFile, C:\Users\M S I\Desktop\Exercise 3\Exercise 3\Core\Inc\main.h_save
2023-10-02 10:58:22,607 [INFO] CodeEngine:257 - Generated code: C:\Users\M S I\Desktop\Exercise 3\Exercise 3\Core\Inc\main.h
2023-10-02 10:58:22,623 [INFO] CodeEngine:239 - oldGeneratedFile, C:\Users\M S I\Desktop\Exercise 3\Exercise 3\Core\Src\main.c_save
2023-10-02 10:58:22,717 [INFO] CodeEngine:257 - Generated code: C:\Users\M S I\Desktop\Exercise 3\Exercise 3\Core\Src\main.c
2023-10-02 10:58:23,373 [INFO] ProjectBuilder:2578 - Time for Copy HAL[1] : 47mS.
2023-10-02 10:58:23,373 [INFO] ProjectBuilder:3622 - Project Generator version: 3.14.1
2023-10-02 10:58:23,825 [INFO] ConfigFileManager:1271 - The Die is : DIE412
2023-10-02 10:58:25,451 [INFO] ProjectBuilder:3789 - Time for Generating toolchain IDE Files: 2078mS.
2023-10-02 10:58:25,451 [INFO] ProjectBuilder:2457 - Time for Copy CMSIS : 0mS.
2023-10-02 10:58:25,451 [INFO] ProjectBuilder:2457 - Time for Copy CMSIS : 0mS.
2023-10-02 23:02:04,975 [INFO] Activator:177 - 


2023-10-02 23:02:04,975 [INFO] Activator:178 - !SESSION log4j initialized
